<?xml version="1.0" encoding="UTF-8"?>
<!-- Generated by org.testng.reporters.JUnitReportReporter -->
<testsuite hostname="Kalyani" failures="0" tests="1" name="testscripts.FirstTest" time="6.267" errors="0" timestamp="2023-01-29T11:56:34 IST" skipped="0">
  <testcase classname="testscripts.FirstTest" name="firstTest" time="6.267"/>
  <system-out/>
</testsuite> <!-- testscripts.FirstTest -->
