<?xml version="1.0" encoding="UTF-8"?>
<!-- Generated by org.testng.reporters.JUnitReportReporter -->
<testsuite hostname="Kalyani" failures="0" tests="1" name="testscripts.SecondTest" time="7.262" errors="0" timestamp="2023-01-29T11:07:00 IST" skipped="0">
  <testcase classname="testscripts.SecondTest" name="secondTest" time="7.262"/>
  <system-out/>
</testsuite> <!-- testscripts.SecondTest -->
