<?xml version="1.0" encoding="UTF-8"?>
<!-- Generated by org.testng.reporters.JUnitReportReporter -->
<testsuite hostname="Kalyani" failures="0" tests="1" name="testscripts.FourthTest" time="9.050" errors="0" timestamp="2023-01-29T11:51:13 IST" skipped="0">
  <testcase classname="testscripts.FourthTest" name="fourthTest" time="9.050"/>
  <system-out/>
</testsuite> <!-- testscripts.FourthTest -->
